# JRE version: OpenJDK Runtime Environment Temurin-21.0.7+6 (21.0.7+6) (build 21.0.7+6-LTS)
# Java VM: OpenJDK 64-Bit Server VM Temurin-21.0.7+6 (21.0.7+6-LTS, mixed mode, sharing, tiered, compressed oops, compressed class ptrs, parallel gc, windows-amd64)
GC Precious Log:
 CardTable entry size: 512
 CPUs: 8 total, 8 available
 Memory: 7834M
 Large Page Support: Disabled
 NUMA Support: Disabled
 Compressed Oops: Enabled (32-bit)
 Alignments: Space 512K, Generation 512K, Heap 2M
 Heap Min Capacity: 100M
 Heap Initial Capacity: 100M
 Heap Max Capacity: 1G
 Pre-touch: Disabled
 Parallel Workers: 8
Heap:
 PSYoungGen      total 23552K, used 14706K [0x00000000eab00000, 0x00000000ec480000, 0x0000000100000000)
  eden space 18944K, 75% used [0x00000000eab00000,0x00000000eb903bf8,0x00000000ebd80000)
  from space 4608K, 7% used [0x00000000ebd80000,0x00000000ebdd8e40,0x00000000ec200000)
  to   space 1536K, 0% used [0x00000000ec300000,0x00000000ec300000,0x00000000ec480000)
 ParOldGen       total 580608K, used 580305K [0x00000000c0000000, 0x00000000e3700000, 0x00000000eab00000)
  object space 580608K, 99% used [0x00000000c0000000,0x00000000e36b46a8,0x00000000e3700000)
 Metaspace       used 70087K, committed 71744K, reserved 1114112K
  class space    used 6849K, committed 7616K, reserved 1048576K
GC Heap History (20 events):
Event: 3220.655 GC heap before
{Heap before GC invocations=2001 (full 4):
 PSYoungGen      total 12288K, used 11104K [0x00000000eab00000, 0x00000000eb900000, 0x0000000100000000)
  eden space 10752K, 100% used [0x00000000eab00000,0x00000000eb580000,0x00000000eb580000)
  from space 1536K, 22% used [0x00000000eb580000,0x00000000eb5d8000,0x00000000eb700000)
  to   space 1024K, 0% used [0x00000000eb800000,0x00000000eb800000,0x00000000eb900000)
 ParOldGen       total 566272K, used 565912K [0x00000000c0000000, 0x00000000e2900000, 0x00000000eab00000)
  object space 566272K, 99% used [0x00000000c0000000,0x00000000e28a6240,0x00000000e2900000)
 Metaspace       used 70053K, committed 71744K, reserved 1114112K
  class space    used 6847K, committed 7616K, reserved 1048576K
}
Event: 3220.661 GC heap after
{Heap after GC invocations=2001 (full 4):
 PSYoungGen      total 11776K, used 1022K [0x00000000eab00000, 0x00000000eb900000, 0x0000000100000000)
  eden space 10752K, 0% used [0x00000000eab00000,0x00000000eab00000,0x00000000eb580000)
  from space 1024K, 99% used [0x00000000eb800000,0x00000000eb8ff890,0x00000000eb900000)
  to   space 1536K, 0% used [0x00000000eb600000,0x00000000eb600000,0x00000000eb780000)
 ParOldGen       total 566272K, used 565968K [0x00000000c0000000, 0x00000000e2900000, 0x00000000eab00000)
  object space 566272K, 99% used [0x00000000c0000000,0x00000000e28b4240,0x00000000e2900000)
 Metaspace       used 70053K, committed 71744K, reserved 1114112K
  class space    used 6847K, committed 7616K, reserved 1048576K
}
Event: 3220.672 GC heap before
{Heap before GC invocations=2002 (full 4):
 PSYoungGen      total 11776K, used 11774K [0x00000000eab00000, 0x00000000eb900000, 0x0000000100000000)
  eden space 10752K, 100% used [0x00000000eab00000,0x00000000eb580000,0x00000000eb580000)
  from space 1024K, 99% used [0x00000000eb800000,0x00000000eb8ff890,0x00000000eb900000)
  to   space 1536K, 0% used [0x00000000eb600000,0x00000000eb600000,0x00000000eb780000)
 ParOldGen       total 566272K, used 565968K [0x00000000c0000000, 0x00000000e2900000, 0x00000000eab00000)
  object space 566272K, 99% used [0x00000000c0000000,0x00000000e28b4240,0x00000000e2900000)
 Metaspace       used 70054K, committed 71744K, reserved 1114112K
  class space    used 6847K, committed 7616K, reserved 1048576K
}
Event: 3220.683 GC heap after
{Heap after GC invocations=2002 (full 4):
 PSYoungGen      total 12800K, used 1376K [0x00000000eab00000, 0x00000000ebb00000, 0x0000000100000000)
  eden space 11264K, 0% used [0x00000000eab00000,0x00000000eab00000,0x00000000eb600000)
  from space 1536K, 89% used [0x00000000eb600000,0x00000000eb758000,0x00000000eb780000)
  to   space 1536K, 0% used [0x00000000eb980000,0x00000000eb980000,0x00000000ebb00000)
 ParOldGen       total 567296K, used 566798K [0x00000000c0000000, 0x00000000e2a00000, 0x00000000eab00000)
  object space 567296K, 99% used [0x00000000c0000000,0x00000000e2983ad0,0x00000000e2a00000)
 Metaspace       used 70054K, committed 71744K, reserved 1114112K
  class space    used 6847K, committed 7616K, reserved 1048576K
}
Event: 3220.704 GC heap before
{Heap before GC invocations=2003 (full 4):
 PSYoungGen      total 12800K, used 12640K [0x00000000eab00000, 0x00000000ebb00000, 0x0000000100000000)
  eden space 11264K, 100% used [0x00000000eab00000,0x00000000eb600000,0x00000000eb600000)
  from space 1536K, 89% used [0x00000000eb600000,0x00000000eb758000,0x00000000eb780000)
  to   space 1536K, 0% used [0x00000000eb980000,0x00000000eb980000,0x00000000ebb00000)
 ParOldGen       total 567296K, used 566798K [0x00000000c0000000, 0x00000000e2a00000, 0x00000000eab00000)
  object space 567296K, 99% used [0x00000000c0000000,0x00000000e2983ad0,0x00000000e2a00000)
 Metaspace       used 70054K, committed 71744K, reserved 1114112K
  class space    used 6847K, committed 7616K, reserved 1048576K
}
Event: 3220.713 GC heap after
{Heap after GC invocations=2003 (full 4):
 PSYoungGen      total 12800K, used 1536K [0x00000000eab00000, 0x00000000ebf80000, 0x0000000100000000)
  eden space 11264K, 0% used [0x00000000eab00000,0x00000000eab00000,0x00000000eb600000)
  from space 1536K, 100% used [0x00000000eb980000,0x00000000ebb00000,0x00000000ebb00000)
  to   space 3584K, 0% used [0x00000000eb600000,0x00000000eb600000,0x00000000eb980000)
 ParOldGen       total 568320K, used 568190K [0x00000000c0000000, 0x00000000e2b00000, 0x00000000eab00000)
  object space 568320K, 99% used [0x00000000c0000000,0x00000000e2adfad0,0x00000000e2b00000)
 Metaspace       used 70054K, committed 71744K, reserved 1114112K
  class space    used 6847K, committed 7616K, reserved 1048576K
}
Event: 3220.722 GC heap before
{Heap before GC invocations=2004 (full 4):
 PSYoungGen      total 12800K, used 12800K [0x00000000eab00000, 0x00000000ebf80000, 0x0000000100000000)
  eden space 11264K, 100% used [0x00000000eab00000,0x00000000eb600000,0x00000000eb600000)
  from space 1536K, 100% used [0x00000000eb980000,0x00000000ebb00000,0x00000000ebb00000)
  to   space 3584K, 0% used [0x00000000eb600000,0x00000000eb600000,0x00000000eb980000)
 ParOldGen       total 568320K, used 568190K [0x00000000c0000000, 0x00000000e2b00000, 0x00000000eab00000)
  object space 568320K, 99% used [0x00000000c0000000,0x00000000e2adfad0,0x00000000e2b00000)
 Metaspace       used 70054K, committed 71744K, reserved 1114112K
  class space    used 6847K, committed 7616K, reserved 1048576K
}
Event: 3220.732 GC heap after
{Heap after GC invocations=2004 (full 4):
 PSYoungGen      total 14848K, used 2974K [0x00000000eab00000, 0x00000000ebe80000, 0x0000000100000000)
  eden space 11264K, 0% used [0x00000000eab00000,0x00000000eab00000,0x00000000eb600000)
  from space 3584K, 82% used [0x00000000eb600000,0x00000000eb8e7890,0x00000000eb980000)
  to   space 3072K, 0% used [0x00000000ebb80000,0x00000000ebb80000,0x00000000ebe80000)
 ParOldGen       total 569344K, used 568995K [0x00000000c0000000, 0x00000000e2c00000, 0x00000000eab00000)
  object space 569344K, 99% used [0x00000000c0000000,0x00000000e2ba8e58,0x00000000e2c00000)
 Metaspace       used 70054K, committed 71744K, reserved 1114112K
  class space    used 6847K, committed 7616K, reserved 1048576K
}
Event: 3220.738 GC heap before
{Heap before GC invocations=2005 (full 4):
 PSYoungGen      total 14848K, used 14238K [0x00000000eab00000, 0x00000000ebe80000, 0x0000000100000000)
  eden space 11264K, 99% used [0x00000000eab00000,0x00000000eb5ffff8,0x00000000eb600000)
  from space 3584K, 82% used [0x00000000eb600000,0x00000000eb8e7890,0x00000000eb980000)
  to   space 3072K, 0% used [0x00000000ebb80000,0x00000000ebb80000,0x00000000ebe80000)
 ParOldGen       total 569344K, used 568995K [0x00000000c0000000, 0x00000000e2c00000, 0x00000000eab00000)
  object space 569344K, 99% used [0x00000000c0000000,0x00000000e2ba8e58,0x00000000e2c00000)
 Metaspace       used 70054K, committed 71744K, reserved 1114112K
  class space    used 6847K, committed 7616K, reserved 1048576K
}
Event: 3220.745 GC heap after
{Heap after GC invocations=2005 (full 4):
 PSYoungGen      total 15872K, used 1568K [0x00000000eab00000, 0x00000000ebd80000, 0x0000000100000000)
  eden space 13824K, 0% used [0x00000000eab00000,0x00000000eab00000,0x00000000eb880000)
  from space 2048K, 76% used [0x00000000ebb80000,0x00000000ebd08000,0x00000000ebd80000)
  to   space 2560K, 0% used [0x00000000eb880000,0x00000000eb880000,0x00000000ebb00000)
 ParOldGen       total 571904K, used 571457K [0x00000000c0000000, 0x00000000e2e80000, 0x00000000eab00000)
  object space 571904K, 99% used [0x00000000c0000000,0x00000000e2e106e8,0x00000000e2e80000)
 Metaspace       used 70054K, committed 71744K, reserved 1114112K
  class space    used 6847K, committed 7616K, reserved 1048576K
}
Event: 3222.291 GC heap before
{Heap before GC invocations=2006 (full 4):
 PSYoungGen      total 15872K, used 15392K [0x00000000eab00000, 0x00000000ebd80000, 0x0000000100000000)
  eden space 13824K, 100% used [0x00000000eab00000,0x00000000eb880000,0x00000000eb880000)
  from space 2048K, 76% used [0x00000000ebb80000,0x00000000ebd08000,0x00000000ebd80000)
  to   space 2560K, 0% used [0x00000000eb880000,0x00000000eb880000,0x00000000ebb00000)
 ParOldGen       total 571904K, used 571457K [0x00000000c0000000, 0x00000000e2e80000, 0x00000000eab00000)
  object space 571904K, 99% used [0x00000000c0000000,0x00000000e2e106e8,0x00000000e2e80000)
 Metaspace       used 70056K, committed 71744K, reserved 1114112K
  class space    used 6847K, committed 7616K, reserved 1048576K
}
Event: 3222.295 GC heap after
{Heap after GC invocations=2006 (full 4):
 PSYoungGen      total 16384K, used 2238K [0x00000000eab00000, 0x00000000ec080000, 0x0000000100000000)
  eden space 13824K, 0% used [0x00000000eab00000,0x00000000eab00000,0x00000000eb880000)
  from space 2560K, 87% used [0x00000000eb880000,0x00000000ebaaf890,0x00000000ebb00000)
  to   space 2560K, 0% used [0x00000000ebe00000,0x00000000ebe00000,0x00000000ec080000)
 ParOldGen       total 571904K, used 571553K [0x00000000c0000000, 0x00000000e2e80000, 0x00000000eab00000)
  object space 571904K, 99% used [0x00000000c0000000,0x00000000e2e286e8,0x00000000e2e80000)
 Metaspace       used 70056K, committed 71744K, reserved 1114112K
  class space    used 6847K, committed 7616K, reserved 1048576K
}
Event: 3222.320 GC heap before
{Heap before GC invocations=2007 (full 4):
 PSYoungGen      total 16384K, used 16062K [0x00000000eab00000, 0x00000000ec080000, 0x0000000100000000)
  eden space 13824K, 100% used [0x00000000eab00000,0x00000000eb880000,0x00000000eb880000)
  from space 2560K, 87% used [0x00000000eb880000,0x00000000ebaaf890,0x00000000ebb00000)
  to   space 2560K, 0% used [0x00000000ebe00000,0x00000000ebe00000,0x00000000ec080000)
 ParOldGen       total 571904K, used 571553K [0x00000000c0000000, 0x00000000e2e80000, 0x00000000eab00000)
  object space 571904K, 99% used [0x00000000c0000000,0x00000000e2e286e8,0x00000000e2e80000)
 Metaspace       used 70057K, committed 71744K, reserved 1114112K
  class space    used 6847K, committed 7616K, reserved 1048576K
}
Event: 3222.325 GC heap after
{Heap after GC invocations=2007 (full 4):
 PSYoungGen      total 17920K, used 2543K [0x00000000eab00000, 0x00000000ec300000, 0x0000000100000000)
  eden space 15360K, 0% used [0x00000000eab00000,0x00000000eab00000,0x00000000eba00000)
  from space 2560K, 99% used [0x00000000ebe00000,0x00000000ec07bf50,0x00000000ec080000)
  to   space 4096K, 0% used [0x00000000eba00000,0x00000000eba00000,0x00000000ebe00000)
 ParOldGen       total 572928K, used 572675K [0x00000000c0000000, 0x00000000e2f80000, 0x00000000eab00000)
  object space 572928K, 99% used [0x00000000c0000000,0x00000000e2f40e08,0x00000000e2f80000)
 Metaspace       used 70057K, committed 71744K, reserved 1114112K
  class space    used 6847K, committed 7616K, reserved 1048576K
}
Event: 3222.344 GC heap before
{Heap before GC invocations=2008 (full 4):
 PSYoungGen      total 17920K, used 17903K [0x00000000eab00000, 0x00000000ec300000, 0x0000000100000000)
  eden space 15360K, 100% used [0x00000000eab00000,0x00000000eba00000,0x00000000eba00000)
  from space 2560K, 99% used [0x00000000ebe00000,0x00000000ec07bf50,0x00000000ec080000)
  to   space 4096K, 0% used [0x00000000eba00000,0x00000000eba00000,0x00000000ebe00000)
 ParOldGen       total 572928K, used 572675K [0x00000000c0000000, 0x00000000e2f80000, 0x00000000eab00000)
  object space 572928K, 99% used [0x00000000c0000000,0x00000000e2f40e08,0x00000000e2f80000)
 Metaspace       used 70057K, committed 71744K, reserved 1114112K
  class space    used 6847K, committed 7616K, reserved 1048576K
}
Event: 3222.351 GC heap after
{Heap after GC invocations=2008 (full 4):
 PSYoungGen      total 19456K, used 4094K [0x00000000eab00000, 0x00000000ecb80000, 0x0000000100000000)
  eden space 15360K, 0% used [0x00000000eab00000,0x00000000eab00000,0x00000000eba00000)
  from space 4096K, 99% used [0x00000000eba00000,0x00000000ebdff890,0x00000000ebe00000)
  to   space 7680K, 0% used [0x00000000ec400000,0x00000000ec400000,0x00000000ecb80000)
 ParOldGen       total 576000K, used 575537K [0x00000000c0000000, 0x00000000e3280000, 0x00000000eab00000)
  object space 576000K, 99% used [0x00000000c0000000,0x00000000e320c6a8,0x00000000e3280000)
 Metaspace       used 70057K, committed 71744K, reserved 1114112K
  class space    used 6847K, committed 7616K, reserved 1048576K
}
Event: 3222.365 GC heap before
{Heap before GC invocations=2009 (full 4):
 PSYoungGen      total 19456K, used 19454K [0x00000000eab00000, 0x00000000ecb80000, 0x0000000100000000)
  eden space 15360K, 100% used [0x00000000eab00000,0x00000000eba00000,0x00000000eba00000)
  from space 4096K, 99% used [0x00000000eba00000,0x00000000ebdff890,0x00000000ebe00000)
  to   space 7680K, 0% used [0x00000000ec400000,0x00000000ec400000,0x00000000ecb80000)
 ParOldGen       total 576000K, used 575537K [0x00000000c0000000, 0x00000000e3280000, 0x00000000eab00000)
  object space 576000K, 99% used [0x00000000c0000000,0x00000000e320c6a8,0x00000000e3280000)
 Metaspace       used 70057K, committed 71744K, reserved 1114112K
  class space    used 6847K, committed 7616K, reserved 1048576K
}
Event: 3222.373 GC heap after
{Heap after GC invocations=2009 (full 4):
 PSYoungGen      total 20992K, used 2540K [0x00000000eab00000, 0x00000000ec680000, 0x0000000100000000)
  eden space 18432K, 0% used [0x00000000eab00000,0x00000000eab00000,0x00000000ebd00000)
  from space 2560K, 99% used [0x00000000ec400000,0x00000000ec67b2c0,0x00000000ec680000)
  to   space 4608K, 0% used [0x00000000ebd80000,0x00000000ebd80000,0x00000000ec200000)
 ParOldGen       total 578560K, used 578417K [0x00000000c0000000, 0x00000000e3500000, 0x00000000eab00000)
  object space 578560K, 99% used [0x00000000c0000000,0x00000000e34dc6a8,0x00000000e3500000)
 Metaspace       used 70057K, committed 71744K, reserved 1114112K
  class space    used 6847K, committed 7616K, reserved 1048576K
}
Event: 3222.850 GC heap before
{Heap before GC invocations=2010 (full 4):
 PSYoungGen      total 20992K, used 20953K [0x00000000eab00000, 0x00000000ec680000, 0x0000000100000000)
  eden space 18432K, 99% used [0x00000000eab00000,0x00000000ebcfb490,0x00000000ebd00000)
  from space 2560K, 99% used [0x00000000ec400000,0x00000000ec67b2c0,0x00000000ec680000)
  to   space 4608K, 0% used [0x00000000ebd80000,0x00000000ebd80000,0x00000000ec200000)
 ParOldGen       total 578560K, used 578417K [0x00000000c0000000, 0x00000000e3500000, 0x00000000eab00000)
  object space 578560K, 99% used [0x00000000c0000000,0x00000000e34dc6a8,0x00000000e3500000)
 Metaspace       used 70062K, committed 71744K, reserved 1114112K
  class space    used 6847K, committed 7616K, reserved 1048576K
}
Event: 3222.853 GC heap after
{Heap after GC invocations=2010 (full 4):
 PSYoungGen      total 23552K, used 355K [0x00000000eab00000, 0x00000000ec480000, 0x0000000100000000)
  eden space 18944K, 0% used [0x00000000eab00000,0x00000000eab00000,0x00000000ebd80000)
  from space 4608K, 7% used [0x00000000ebd80000,0x00000000ebdd8e40,0x00000000ec200000)
  to   space 1536K, 0% used [0x00000000ec300000,0x00000000ec300000,0x00000000ec480000)
 ParOldGen       total 580608K, used 580305K [0x00000000c0000000, 0x00000000e3700000, 0x00000000eab00000)
  object space 580608K, 99% used [0x00000000c0000000,0x00000000e36b46a8,0x00000000e3700000)
 Metaspace       used 70062K, committed 71744K, reserved 1114112K
  class space    used 6847K, committed 7616K, reserved 1048576K
}

