# JRE version: Java(TM) SE Runtime Environment (21.0.2+13) (build 21.0.2+13-LTS-58)
# Java VM: Java HotSpot(TM) 64-Bit Server VM (21.0.2+13-LTS-58, mixed mode, emulated-client, sharing, tiered, compressed oops, compressed class ptrs, g1 gc, windows-amd64)
GC Precious Log:
 CardTable entry size: 512
 Card Set container configuration: InlinePtr #cards 4 size 8 Array Of Cards #cards 16 size 48 Howl #buckets 8 coarsen threshold 3686 Howl Bitmap #cards 512 size 80 coarsen threshold 460 Card regions per heap region 1 cards per card region 4096
 CPUs: 8 total, 8 available
 Memory: 16204M
 Large Page Support: Disabled
 NUMA Support: Disabled
 Compressed Oops: Enabled (Zero based)
 Heap Region Size: 2M
 Heap Min Capacity: 8M
 Heap Initial Capacity: 254M
 Heap Max Capacity: 4052M
 Pre-touch: Disabled
 Parallel Workers: 8
 Concurrent Workers: 2
 Concurrent Refinement Workers: 8
 Periodic GC: Disabled
Heap:
 garbage-first heap   total 129024K, used 81278K [0x0000000702c00000, 0x0000000800000000)
  region size 2048K, 18 young (36864K), 0 survivors (0K)
 Metaspace       used 95644K, committed 96576K, reserved 1179648K
  class space    used 13938K, committed 14336K, reserved 1048576K
GC Heap History (20 events):
Event: 1512.641 GC heap before
{Heap before GC invocations=78 (full 0):
 garbage-first heap   total 129024K, used 113963K [0x0000000702c00000, 0x0000000800000000)
  region size 2048K, 28 young (57344K), 3 survivors (6144K)
 Metaspace       used 94803K, committed 95680K, reserved 1179648K
  class space    used 13811K, committed 14208K, reserved 1048576K
}
Event: 1512.645 GC heap after
{Heap after GC invocations=79 (full 0):
 garbage-first heap   total 129024K, used 65085K [0x0000000702c00000, 0x0000000800000000)
  region size 2048K, 4 young (8192K), 4 survivors (8192K)
 Metaspace       used 94803K, committed 95680K, reserved 1179648K
  class space    used 13811K, committed 14208K, reserved 1048576K
}
Event: 1653.682 GC heap before
{Heap before GC invocations=79 (full 0):
 garbage-first heap   total 129024K, used 110141K [0x0000000702c00000, 0x0000000800000000)
  region size 2048K, 26 young (53248K), 4 survivors (8192K)
 Metaspace       used 94813K, committed 95680K, reserved 1179648K
  class space    used 13812K, committed 14208K, reserved 1048576K
}
Event: 1653.688 GC heap after
{Heap after GC invocations=80 (full 0):
 garbage-first heap   total 129024K, used 58004K [0x0000000702c00000, 0x0000000800000000)
  region size 2048K, 1 young (2048K), 1 survivors (2048K)
 Metaspace       used 94813K, committed 95680K, reserved 1179648K
  class space    used 13812K, committed 14208K, reserved 1048576K
}
Event: 1797.101 GC heap before
{Heap before GC invocations=80 (full 0):
 garbage-first heap   total 129024K, used 115348K [0x0000000702c00000, 0x0000000800000000)
  region size 2048K, 29 young (59392K), 1 survivors (2048K)
 Metaspace       used 94837K, committed 95744K, reserved 1179648K
  class space    used 13816K, committed 14208K, reserved 1048576K
}
Event: 1797.104 GC heap after
{Heap after GC invocations=81 (full 0):
 garbage-first heap   total 129024K, used 61849K [0x0000000702c00000, 0x0000000800000000)
  region size 2048K, 3 young (6144K), 3 survivors (6144K)
 Metaspace       used 94837K, committed 95744K, reserved 1179648K
  class space    used 13816K, committed 14208K, reserved 1048576K
}
Event: 1812.579 GC heap before
{Heap before GC invocations=82 (full 0):
 garbage-first heap   total 129024K, used 113049K [0x0000000702c00000, 0x0000000800000000)
  region size 2048K, 28 young (57344K), 3 survivors (6144K)
 Metaspace       used 94835K, committed 95744K, reserved 1179648K
  class space    used 13816K, committed 14208K, reserved 1048576K
}
Event: 1812.583 GC heap after
{Heap after GC invocations=83 (full 0):
 garbage-first heap   total 129024K, used 64091K [0x0000000702c00000, 0x0000000800000000)
  region size 2048K, 4 young (8192K), 4 survivors (8192K)
 Metaspace       used 94835K, committed 95744K, reserved 1179648K
  class space    used 13816K, committed 14208K, reserved 1048576K
}
Event: 1878.679 GC heap before
{Heap before GC invocations=83 (full 0):
 garbage-first heap   total 129024K, used 109147K [0x0000000702c00000, 0x0000000800000000)
  region size 2048K, 26 young (53248K), 4 survivors (8192K)
 Metaspace       used 94845K, committed 95744K, reserved 1179648K
  class space    used 13818K, committed 14208K, reserved 1048576K
}
Event: 1878.685 GC heap after
{Heap after GC invocations=84 (full 0):
 garbage-first heap   total 129024K, used 59064K [0x0000000702c00000, 0x0000000800000000)
  region size 2048K, 1 young (2048K), 1 survivors (2048K)
 Metaspace       used 94845K, committed 95744K, reserved 1179648K
  class space    used 13818K, committed 14208K, reserved 1048576K
}
Event: 1972.909 GC heap before
{Heap before GC invocations=84 (full 0):
 garbage-first heap   total 129024K, used 114360K [0x0000000702c00000, 0x0000000800000000)
  region size 2048K, 28 young (57344K), 1 survivors (2048K)
 Metaspace       used 94860K, committed 95744K, reserved 1179648K
  class space    used 13822K, committed 14208K, reserved 1048576K
}
Event: 1972.912 GC heap after
{Heap after GC invocations=85 (full 0):
 garbage-first heap   total 129024K, used 62820K [0x0000000702c00000, 0x0000000800000000)
  region size 2048K, 3 young (6144K), 3 survivors (6144K)
 Metaspace       used 94860K, committed 95744K, reserved 1179648K
  class space    used 13822K, committed 14208K, reserved 1048576K
}
Event: 2021.596 GC heap before
{Heap before GC invocations=86 (full 0):
 garbage-first heap   total 129024K, used 109924K [0x0000000702c00000, 0x0000000800000000)
  region size 2048K, 27 young (55296K), 3 survivors (6144K)
 Metaspace       used 94848K, committed 95744K, reserved 1179648K
  class space    used 13820K, committed 14208K, reserved 1048576K
}
Event: 2021.597 GC heap after
{Heap after GC invocations=87 (full 0):
 garbage-first heap   total 129024K, used 59300K [0x0000000702c00000, 0x0000000800000000)
  region size 2048K, 1 young (2048K), 1 survivors (2048K)
 Metaspace       used 94848K, committed 95744K, reserved 1179648K
  class space    used 13820K, committed 14208K, reserved 1048576K
}
Event: 2112.536 GC heap before
{Heap before GC invocations=87 (full 0):
 garbage-first heap   total 129024K, used 116644K [0x0000000702c00000, 0x0000000800000000)
  region size 2048K, 29 young (59392K), 1 survivors (2048K)
 Metaspace       used 95040K, committed 96000K, reserved 1179648K
  class space    used 13854K, committed 14272K, reserved 1048576K
}
Event: 2112.540 GC heap after
{Heap after GC invocations=88 (full 0):
 garbage-first heap   total 129024K, used 63360K [0x0000000702c00000, 0x0000000800000000)
  region size 2048K, 3 young (6144K), 3 survivors (6144K)
 Metaspace       used 95040K, committed 96000K, reserved 1179648K
  class space    used 13854K, committed 14272K, reserved 1048576K
}
Event: 2148.508 GC heap before
{Heap before GC invocations=88 (full 0):
 garbage-first heap   total 129024K, used 112512K [0x0000000702c00000, 0x0000000800000000)
  region size 2048K, 27 young (55296K), 3 survivors (6144K)
 Metaspace       used 95040K, committed 96000K, reserved 1179648K
  class space    used 13854K, committed 14272K, reserved 1048576K
}
Event: 2148.510 GC heap after
{Heap after GC invocations=89 (full 0):
 garbage-first heap   total 129024K, used 59438K [0x0000000702c00000, 0x0000000800000000)
  region size 2048K, 1 young (2048K), 1 survivors (2048K)
 Metaspace       used 95040K, committed 96000K, reserved 1179648K
  class space    used 13854K, committed 14272K, reserved 1048576K
}
Event: 2206.257 GC heap before
{Heap before GC invocations=90 (full 0):
 garbage-first heap   total 129024K, used 73774K [0x0000000702c00000, 0x0000000800000000)
  region size 2048K, 9 young (18432K), 1 survivors (2048K)
 Metaspace       used 95227K, committed 96128K, reserved 1179648K
  class space    used 13895K, committed 14272K, reserved 1048576K
}
Event: 2206.354 GC heap after
{Heap after GC invocations=91 (full 1):
 garbage-first heap   total 129024K, used 48510K [0x0000000702c00000, 0x0000000800000000)
  region size 2048K, 0 young (0K), 0 survivors (0K)
 Metaspace       used 95213K, committed 96128K, reserved 1179648K
  class space    used 13891K, committed 14272K, reserved 1048576K
}

